<?xml version="1.0" encoding="utf-8" standalone="no"?>
<!--This file represents the results of running a test suite-->
<test-results name="E:\upload\01 latihan\CalculatorUnitTest\bin\Debug\CalculatorUnitTest.dll" total="4" errors="0" failures="0" not-run="0" inconclusive="0" ignored="0" skipped="0" invalid="0" date="2024-10-16" time="18:56:12">
  <environment nunit-version="2.6.4.14350" clr-version="2.0.50727.9179" os-version="Microsoft Windows NT 6.2.9200.0" platform="Win32NT" cwd="E:\upload\tools-testing" machine-name="ARIALAPTOP" user="hazul" user-domain="ARIALAPTOP" />
  <culture-info current-culture="en-US" current-uiculture="en-US" />
  <test-suite type="Assembly" name="E:\upload\01 latihan\CalculatorUnitTest\bin\Debug\CalculatorUnitTest.dll" executed="True" result="Success" success="True" time="0.159" asserts="0">
    <results>
      <test-suite type="Namespace" name="ClassLibrary1" executed="True" result="Success" success="True" time="0.155" asserts="0">
        <results>
          <test-suite type="TestFixture" name="CalculatorTest" executed="True" result="Success" success="True" time="0.147" asserts="0">
            <results>
              <test-case name="ClassLibrary1.CalculatorTest.PembagianTest" executed="True" result="Success" success="True" time="0.129" asserts="1" />
              <test-case name="ClassLibrary1.CalculatorTest.PenambahanTest" executed="True" result="Success" success="True" time="0.000" asserts="1" />
              <test-case name="ClassLibrary1.CalculatorTest.PenguranganTest" executed="True" result="Success" success="True" time="0.000" asserts="1" />
              <test-case name="ClassLibrary1.CalculatorTest.PerkalianTest" executed="True" result="Success" success="True" time="0.000" asserts="1" />
            </results>
          </test-suite>
        </results>
      </test-suite>
    </results>
  </test-suite>
</test-results>